🚀 Starting Wiggum Worker for: causal-model
📍 Project Path: /home/julien/Desktop/Free-Wiggum-opencode/projects/causal-model
⏰ Started at: Thu Mar 12 02:55:41 PM EDT 2026
⚡ Token Budget: 64000
━━━━━━━━━━━━━━━━━━━━━━━━━━━━━━━━════

📍 Iteration 2 at Thu Mar 12 02:55:41 PM EDT 2026...
🤖 OpenCode processing: Define causal variables (firmware state, update trigger, network reliability, device health) and hypothesize relationships in a DAG
[0m
> build · stepfun/step-3.5-flash:free
[0m
I'll help you complete the first task: defining causal variables and creating a DAG. Let me start by exploring the project structure and understanding what exists.
[0m→ [0mRead TASKS.md
[0m✱ [0mGlob "**/*"[90m 45 matches[0m
[0m→ [0mRead README.md
Now I'll create the project structure and define the causal model. Let me start by setting up the directories and creating the causal graph definition.
[0m
[0m$ [0mmkdir -p src tests data notebooks
[0m
[0m← [0mWrite src/causal_graph.py
Wrote file successfully.
[0m
[0m✗ [0medit failed
[91m[1mError: [0mFile /home/julien/Desktop/Free-Wiggum-opencode/projects/causal-model/TASKS.md has been modified since it was last read.
Last modification: 2026-03-12T18:56:01.321Z
Last read: 2026-03-12T18:55:47.322Z

Please read the file again before modifying it.
